C:\USERS\ARAVIN\DESKTOP\34-2\IDO\DEBUG\IDO.EXE
C:\USERS\ARAVIN\DESKTOP\34-2\IDO\DEBUG\IDO.ILK
C:\USERS\ARAVIN\DESKTOP\34-2\IDO\DEBUG\IDO.PDB
C:\Users\aravin\Desktop\34-2\iDo\Source\iDo\Debug\cl.command.1.tlog
C:\Users\aravin\Desktop\34-2\iDo\Source\iDo\Debug\CL.read.1.tlog
C:\Users\aravin\Desktop\34-2\iDo\Source\iDo\Debug\CL.write.1.tlog
C:\USERS\ARAVIN\DESKTOP\34-2\IDO\SOURCE\IDO\DEBUG\COMMANDPROCESSOR.OBJ
C:\USERS\ARAVIN\DESKTOP\34-2\IDO\SOURCE\IDO\DEBUG\DEADLINEDTASK.OBJ
C:\USERS\ARAVIN\DESKTOP\34-2\IDO\SOURCE\IDO\DEBUG\FILEIO.OBJ
C:\USERS\ARAVIN\DESKTOP\34-2\IDO\SOURCE\IDO\DEBUG\FLOATINGTASK.OBJ
C:\USERS\ARAVIN\DESKTOP\34-2\IDO\SOURCE\IDO\DEBUG\IDO.EXE.EMBED.MANIFEST
C:\USERS\ARAVIN\DESKTOP\34-2\IDO\SOURCE\IDO\DEBUG\IDO.EXE.EMBED.MANIFEST.RES
C:\USERS\ARAVIN\DESKTOP\34-2\IDO\SOURCE\IDO\DEBUG\IDO.EXE.INTERMEDIATE.MANIFEST
C:\Users\aravin\Desktop\34-2\iDo\Source\iDo\Debug\iDo.write.1.tlog
C:\Users\aravin\Desktop\34-2\iDo\Source\iDo\Debug\iDo_manifest.rc
C:\Users\aravin\Desktop\34-2\iDo\Source\iDo\Debug\link.5528.read.1.tlog
C:\Users\aravin\Desktop\34-2\iDo\Source\iDo\Debug\link.5528.write.1.tlog
C:\Users\aravin\Desktop\34-2\iDo\Source\iDo\Debug\link.5528-cvtres.read.1.tlog
C:\Users\aravin\Desktop\34-2\iDo\Source\iDo\Debug\link.5528-cvtres.write.1.tlog
C:\Users\aravin\Desktop\34-2\iDo\Source\iDo\Debug\link.command.1.tlog
C:\Users\aravin\Desktop\34-2\iDo\Source\iDo\Debug\link.read.1.tlog
C:\Users\aravin\Desktop\34-2\iDo\Source\iDo\Debug\link.write.1.tlog
C:\Users\aravin\Desktop\34-2\iDo\Source\iDo\Debug\link-cvtres.read.1.tlog
C:\Users\aravin\Desktop\34-2\iDo\Source\iDo\Debug\link-cvtres.write.1.tlog
C:\USERS\ARAVIN\DESKTOP\34-2\IDO\SOURCE\IDO\DEBUG\LOGIC.OBJ
C:\USERS\ARAVIN\DESKTOP\34-2\IDO\SOURCE\IDO\DEBUG\MAIN.OBJ
C:\Users\aravin\Desktop\34-2\iDo\Source\iDo\Debug\mt.command.1.tlog
C:\Users\aravin\Desktop\34-2\iDo\Source\iDo\Debug\mt.read.1.tlog
C:\Users\aravin\Desktop\34-2\iDo\Source\iDo\Debug\mt.write.1.tlog
C:\Users\aravin\Desktop\34-2\iDo\Source\iDo\Debug\rc.command.1.tlog
C:\Users\aravin\Desktop\34-2\iDo\Source\iDo\Debug\rc.read.1.tlog
C:\Users\aravin\Desktop\34-2\iDo\Source\iDo\Debug\rc.write.1.tlog
C:\USERS\ARAVIN\DESKTOP\34-2\IDO\SOURCE\IDO\DEBUG\SEARCH.OBJ
C:\USERS\ARAVIN\DESKTOP\34-2\IDO\SOURCE\IDO\DEBUG\SORT.OBJ
C:\USERS\ARAVIN\DESKTOP\34-2\IDO\SOURCE\IDO\DEBUG\TIMEDTASK.OBJ
C:\USERS\ARAVIN\DESKTOP\34-2\IDO\SOURCE\IDO\DEBUG\UI.OBJ
C:\Users\aravin\Desktop\34-2\iDo\Source\iDo\Debug\vc100.idb
C:\USERS\ARAVIN\DESKTOP\34-2\IDO\SOURCE\IDO\DEBUG\VC100.PDB
