Build started 15/10/2012 11:27:06 PM.
     1>Project "C:\Users\aravin\Desktop\34-2\iDo\Source\iDo\iDo.vcxproj" on node 2 (build target(s)).
     1>InitializeBuildStatus:
         Creating "Debug\iDo.unsuccessfulbuild" because "AlwaysCreate" was specified.
       ClCompile:
         c:\Program Files (x86)\Microsoft Visual Studio 10.0\VC\bin\CL.exe /c /ZI /nologo /W3 /WX- /Od /Oy- /D WIN32 /D _DEBUG /D _CONSOLE /D _UNICODE /D UNICODE /Gm /EHsc /RTC1 /MTd /GS /fp:precise /Zc:wchar_t /Zc:forScope /Fo"Debug\\" /Fd"Debug\vc100.pdb" /Gd /TP /analyze- /errorReport:prompt UI.cpp
         UI.cpp
       ManifestResourceCompile:
         All outputs are up-to-date.
       Link:
         c:\Program Files (x86)\Microsoft Visual Studio 10.0\VC\bin\link.exe /ERRORREPORT:PROMPT /OUT:"C:\Users\aravin\Desktop\34-2\iDo\Debug\iDo.exe" /INCREMENTAL /NOLOGO /LIBPATH:"C:\Users\aravin\Desktop\34-2\iDo\Lib" gtestd.Lib kernel32.lib user32.lib gdi32.lib winspool.lib comdlg32.lib advapi32.lib shell32.lib ole32.lib oleaut32.lib uuid.lib odbc32.lib odbccp32.lib /MANIFEST /ManifestFile:"Debug\iDo.exe.intermediate.manifest" /MANIFESTUAC:"level='asInvoker' uiAccess='false'" /DEBUG /PDB:"C:\Users\aravin\Desktop\34-2\iDo\Debug\iDo.pdb" /SUBSYSTEM:CONSOLE /TLBID:1 /DYNAMICBASE /NXCOMPAT /IMPLIB:"C:\Users\aravin\Desktop\34-2\iDo\Debug\iDo.lib" /MACHINE:X86 Debug\iDo.exe.embed.manifest.res
         Debug\CommandProcessor.obj
         Debug\DeadlinedTask.obj
         Debug\FileIO.obj
         Debug\FloatingTask.obj
         Debug\Logic.obj
         Debug\Main.obj
         Debug\Search.obj
         Debug\Sort.obj
         Debug\TimedTask.obj
         Debug\UI.obj
       Manifest:
         C:\Program Files (x86)\Microsoft SDKs\Windows\v7.0A\bin\mt.exe /nologo /verbose /out:"Debug\iDo.exe.embed.manifest" /manifest Debug\iDo.exe.intermediate.manifest
         All outputs are up-to-date.
       LinkEmbedManifest:
         All outputs are up-to-date.
         iDo.vcxproj -> C:\Users\aravin\Desktop\34-2\iDo\Debug\iDo.exe
       FinalizeBuildStatus:
         Deleting file "Debug\iDo.unsuccessfulbuild".
         Touching "Debug\iDo.lastbuildstate".
     1>Done Building Project "C:\Users\aravin\Desktop\34-2\iDo\Source\iDo\iDo.vcxproj" (build target(s)).

Build succeeded.

Time Elapsed 00:00:03.24
